[debug] [2023-10-01T15:48:27.763Z] ----------------------------------------------------------------------
[debug] [2023-10-01T15:48:27.764Z] Command:       C:\Program Files\nodejs\node.exe C:\Users\zenon\AppData\Roaming\npm\node_modules\firebase-tools\lib\bin\firebase.js init
[debug] [2023-10-01T15:48:27.765Z] CLI Version:   12.6.1
[debug] [2023-10-01T15:48:27.765Z] Platform:      win32
[debug] [2023-10-01T15:48:27.765Z] Node Version:  v18.15.0
[debug] [2023-10-01T15:48:27.765Z] Time:          Sun Oct 01 2023 10:48:27 GMT-0500 (Central Daylight Time)
[debug] [2023-10-01T15:48:27.766Z] ----------------------------------------------------------------------
[debug] 
[debug] [2023-10-01T15:48:27.770Z] > command requires scopes: ["email","openid","https://www.googleapis.com/auth/cloudplatformprojects.readonly","https://www.googleapis.com/auth/firebase","https://www.googleapis.com/auth/cloud-platform"]
[debug] [2023-10-01T15:48:27.771Z] > authorizing via signed-in user (zenon.nowakowski8@gmail.com)
[info] 
     ######## #### ########  ######## ########     ###     ######  ########
     ##        ##  ##     ## ##       ##     ##  ##   ##  ##       ##
     ######    ##  ########  ######   ########  #########  ######  ######
     ##        ##  ##    ##  ##       ##     ## ##     ##       ## ##
     ##       #### ##     ## ######## ########  ##     ##  ######  ########

You're about to initialize a Firebase project in this directory:

  C:\Users\zenon\Documents\GitHub\Zenon-Nowakowski.github.io

[info] 
=== Project Setup
[info] 
[info] First, let's associate this project directory with a Firebase project.
[info] You can create multiple project aliases by running firebase use --add, 
[info] but for now we'll just set up a default project.
[info] 
[debug] [2023-10-01T15:49:19.753Z] >>> [apiv2][query] GET https://firebase.googleapis.com/v1beta1/projects pageSize=100
[debug] [2023-10-01T15:49:20.259Z] <<< [apiv2][status] GET https://firebase.googleapis.com/v1beta1/projects 200
[debug] [2023-10-01T15:49:20.260Z] <<< [apiv2][body] GET https://firebase.googleapis.com/v1beta1/projects [omitted]
[info] i  Using project personal-website-b4081 (Personal Website) 
[info] 
=== Hosting Setup
[info] 
[info] Your public directory is the folder (relative to your project directory) that
[info] will contain Hosting assets to be uploaded with firebase deploy. If you
[info] have a build process for your assets, use your build's output directory.
[info] 
[info] +  Wrote (public)/404.html 
[debug] [2023-10-01T15:50:08.299Z] >>> [apiv2][query] GET https://www.gstatic.com/firebasejs/releases.json [none]
[debug] [2023-10-01T15:50:08.454Z] <<< [apiv2][status] GET https://www.gstatic.com/firebasejs/releases.json 200
[debug] [2023-10-01T15:50:08.454Z] <<< [apiv2][body] GET https://www.gstatic.com/firebasejs/releases.json {"current":{"version":"10.4.0","browserURL":"https://www.gstatic.com/firebasejs/10.4.0/firebase.js","packageURL":"https://www.gstatic.com/firebasejs/10.4.0/firebase.tgz"},"live":{"version":"10.4","browserURL":"https://www.gstatic.com/firebasejs/live/10.4/firebase.js","packageURL":"https://www.gstatic.com/firebasejs/live/10.4/firebase.tgz"},"components":{"analytics":"https://www.gstatic.com/firebasejs/10.4.0/firebase-analytics.js","app":"https://www.gstatic.com/firebasejs/10.4.0/firebase-app.js","app-check":"https://www.gstatic.com/firebasejs/10.4.0/firebase-app-check.js","auth":"https://www.gstatic.com/firebasejs/10.4.0/firebase-auth.js","auth/cordova":"https://www.gstatic.com/firebasejs/10.4.0/firebase-auth/cordova.js","functions":"https://www.gstatic.com/firebasejs/10.4.0/firebase-functions.js","firestore":"https://www.gstatic.com/firebasejs/10.4.0/firebase-firestore.js","firestore/lite":"https://www.gstatic.com/firebasejs/10.4.0/firebase-firestore/lite.js","installations":"https://www.gstatic.com/firebasejs/10.4.0/firebase-installations.js","storage":"https://www.gstatic.com/firebasejs/10.4.0/firebase-storage.js","performance":"https://www.gstatic.com/firebasejs/10.4.0/firebase-performance.js","remote-config":"https://www.gstatic.com/firebasejs/10.4.0/firebase-remote-config.js","messaging":"https://www.gstatic.com/firebasejs/10.4.0/firebase-messaging.js","messaging/sw":"https://www.gstatic.com/firebasejs/10.4.0/firebase-messaging/sw.js","database":"https://www.gstatic.com/firebasejs/10.4.0/firebase-database.js","firestore.memory":"https://www.gstatic.com/firebasejs/10.4.0/firebase-firestore.memory.js"}}
[info] +  Wrote (public)/index.html 
[info] 
[info] i  Detected a .git folder at C:\Users\zenon\Documents\GitHub\Zenon-Nowakowski.github.io 
[info] i  Authorizing with GitHub to upload your service account to a GitHub repository's secrets store. 
[info] 
[info] Visit this URL on this device to log in:
[info] https://github.com/login/oauth/authorize?client_id=89cf50f02ac6aaed3484&state=826553230&redirect_uri=http%3A%2F%2Flocalhost%3A9005&scope=read%3Auser%20repo%20public_repo
[info] 
[info] Waiting for authentication...
[debug] [2023-10-01T15:50:11.589Z] >>> [apiv2][query] POST https://github.com/login/oauth/access_token [none]
[debug] [2023-10-01T15:50:11.589Z] >>> [apiv2][body] POST https://github.com/login/oauth/access_token [stream]
[debug] [2023-10-01T15:50:11.929Z] <<< [apiv2][status] POST https://github.com/login/oauth/access_token 200
[debug] [2023-10-01T15:50:11.929Z] <<< [apiv2][body] POST https://github.com/login/oauth/access_token {"access_token":"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","token_type":"bearer","scope":"read:user,repo"}
[debug] [2023-10-01T15:50:11.931Z] >>> [apiv2][query] GET https://api.github.com/user [none]
[debug] [2023-10-01T15:50:12.293Z] <<< [apiv2][status] GET https://api.github.com/user 200
[debug] [2023-10-01T15:50:12.293Z] <<< [apiv2][body] GET https://api.github.com/user {"login":"Zenon-Nowakowski","id":70614514,"node_id":"MDQ6VXNlcjcwNjE0NTE0","avatar_url":"https://avatars.githubusercontent.com/u/70614514?v=4","gravatar_id":"","url":"https://api.github.com/users/Zenon-Nowakowski","html_url":"https://github.com/Zenon-Nowakowski","followers_url":"https://api.github.com/users/Zenon-Nowakowski/followers","following_url":"https://api.github.com/users/Zenon-Nowakowski/following{/other_user}","gists_url":"https://api.github.com/users/Zenon-Nowakowski/gists{/gist_id}","starred_url":"https://api.github.com/users/Zenon-Nowakowski/starred{/owner}{/repo}","subscriptions_url":"https://api.github.com/users/Zenon-Nowakowski/subscriptions","organizations_url":"https://api.github.com/users/Zenon-Nowakowski/orgs","repos_url":"https://api.github.com/users/Zenon-Nowakowski/repos","events_url":"https://api.github.com/users/Zenon-Nowakowski/events{/privacy}","received_events_url":"https://api.github.com/users/Zenon-Nowakowski/received_events","type":"User","site_admin":false,"name":null,"company":null,"blog":"","location":null,"email":null,"hireable":null,"bio":"Hello, I am Zenon Nowakowski, a Computer Science Student at Texas A&M—Rellis-Commerce. ","twitter_username":null,"public_repos":22,"public_gists":0,"followers":3,"following":5,"created_at":"2020-09-02T01:13:23Z","updated_at":"2023-09-27T12:06:56Z","private_gists":0,"total_private_repos":13,"owned_private_repos":13,"disk_usage":12175,"collaborators":0,"two_factor_authentication":false,"plan":{"name":"pro","space":976562499,"collaborators":0,"private_repos":9999}}
[info] 
[info] +  Success! Logged into GitHub as Zenon-Nowakowski 
[info] 
[debug] [2023-10-01T15:50:39.695Z] >>> [apiv2][query] GET https://api.github.com/repos/https://github.com/Zenon-Nowakowski/Zenon-Nowakowski.github.io/actions/secrets/public-key type=owner
[debug] [2023-10-01T15:50:39.954Z] <<< [apiv2][status] GET https://api.github.com/repos/https://github.com/Zenon-Nowakowski/Zenon-Nowakowski.github.io/actions/secrets/public-key 404
[debug] [2023-10-01T15:50:39.954Z] <<< [apiv2][body] GET https://api.github.com/repos/https://github.com/Zenon-Nowakowski/Zenon-Nowakowski.github.io/actions/secrets/public-key {"message":"Not Found","documentation_url":"https://docs.github.com/rest"}
[info] 
[info] 
[error] !  The provided authorization cannot be used with this repository. If this repository is in an organization, did you remember to grant access? 
[info] 
[info] i  Action required: Visit this URL to ensure access has been granted to the appropriate organization(s) for the Firebase CLI GitHub OAuth App: 
[info] https://github.com/settings/connections/applications/89cf50f02ac6aaed3484
[info] 
[debug] [2023-10-01T15:51:02.641Z] >>> [apiv2][query] GET https://api.github.com/repos/https://github.com/Zenon-Nowakowski/Zenon-Nowakowski.github.io/actions/secrets/public-key type=owner
[debug] [2023-10-01T15:51:02.945Z] <<< [apiv2][status] GET https://api.github.com/repos/https://github.com/Zenon-Nowakowski/Zenon-Nowakowski.github.io/actions/secrets/public-key 404
[debug] [2023-10-01T15:51:02.945Z] <<< [apiv2][body] GET https://api.github.com/repos/https://github.com/Zenon-Nowakowski/Zenon-Nowakowski.github.io/actions/secrets/public-key {"message":"Not Found","documentation_url":"https://docs.github.com/rest"}
[info] 
[info] 
[error] !  The provided authorization cannot be used with this repository. If this repository is in an organization, did you remember to grant access? 
[info] 
[info] i  Action required: Visit this URL to ensure access has been granted to the appropriate organization(s) for the Firebase CLI GitHub OAuth App: 
[info] https://github.com/settings/connections/applications/89cf50f02ac6aaed3484
[info] 
